<?xml version="1.0" encoding="UTF-8"?>
<!-- Generated by org.testng.reporters.JUnitReportReporter -->
<testsuite skipped="0" hostname="DESKTOP-M4Q8H3I" name="eggtimerTestCases.test_1$Test_1" tests="1" failures="0" timestamp="30 Jun 2019 16:33:49 GMT" time="9.301" errors="0">
  <testcase name="test1_3sec" time="9.301" classname="eggtimerTestCases.test_1$Test_1"/>
</testsuite> <!-- eggtimerTestCases.test_1$Test_1 -->
